Using pre-set license
Built from '2021.3/staging' branch; Version is '2021.3.11f1 (0a5ca18544bf) revision 679073'; Using compiler version '192829333'; Build Type 'Release'
OS: 'Windows 10  (10.0.19044) 64bit Professional' Language: 'pt' Physical Memory: 16315 MB
BatchMode: 1, IsHumanControllingUs: 0, StartBugReporterOnCrash: 0, Is64bit: 1, IsPro: 1

COMMAND LINE ARGUMENTS:
C:\Program Files\Unity\Hub\Editor\2021.3.11f1\Editor\Unity.exe
-adb2
-batchMode
-noUpm
-name
AssetImportWorker0
-projectPath
D:/Unity Projects/Holoframe
-logFile
Logs/AssetImportWorker0.log
-srvPort
61482
Successfully changed project path to: D:/Unity Projects/Holoframe
D:/Unity Projects/Holoframe
[UnityMemory] Configuration Parameters - Can be set up in boot.config
    "memorysetup-bucket-allocator-granularity=16"
    "memorysetup-bucket-allocator-bucket-count=8"
    "memorysetup-bucket-allocator-block-size=33554432"
    "memorysetup-bucket-allocator-block-count=8"
    "memorysetup-main-allocator-block-size=16777216"
    "memorysetup-thread-allocator-block-size=16777216"
    "memorysetup-gfx-main-allocator-block-size=16777216"
    "memorysetup-gfx-thread-allocator-block-size=16777216"
    "memorysetup-cache-allocator-block-size=4194304"
    "memorysetup-typetree-allocator-block-size=2097152"
    "memorysetup-profiler-bucket-allocator-granularity=16"
    "memorysetup-profiler-bucket-allocator-bucket-count=8"
    "memorysetup-profiler-bucket-allocator-block-size=33554432"
    "memorysetup-profiler-bucket-allocator-block-count=8"
    "memorysetup-profiler-allocator-block-size=16777216"
    "memorysetup-profiler-editor-allocator-block-size=1048576"
    "memorysetup-temp-allocator-size-main=16777216"
    "memorysetup-job-temp-allocator-block-size=2097152"
    "memorysetup-job-temp-allocator-block-size-background=1048576"
    "memorysetup-job-temp-allocator-reduction-small-platforms=262144"
    "memorysetup-temp-allocator-size-background-worker=32768"
    "memorysetup-temp-allocator-size-job-worker=262144"
    "memorysetup-temp-allocator-size-preload-manager=33554432"
    "memorysetup-temp-allocator-size-nav-mesh-worker=65536"
    "memorysetup-temp-allocator-size-audio-worker=65536"
    "memorysetup-temp-allocator-size-cloud-worker=32768"
    "memorysetup-temp-allocator-size-gi-baking-worker=262144"
    "memorysetup-temp-allocator-size-gfx=262144"
Refreshing native plugins compatible for Editor in 131.10 ms, found 9 plugins.
Preloading 0 native plugins for Editor in 0.00 ms.
Initialize engine version: 2021.3.11f1 (0a5ca18544bf)
[Subsystems] Discovering subsystems at path C:/Program Files/Unity/Hub/Editor/2021.3.11f1/Editor/Data/Resources/UnitySubsystems
[Subsystems] Discovering subsystems at path D:/Unity Projects/Holoframe/Assets
GfxDevice: creating device client; threaded=0; jobified=0
Direct3D:
    Version:  Direct3D 11.0 [level 11.1]
    Renderer: NVIDIA GeForce GTX 1660 (ID=0x2184)
    Vendor:   NVIDIA
    VRAM:     5992 MB
    Driver:   31.0.15.1740
Initialize mono
Mono path[0] = 'C:/Program Files/Unity/Hub/Editor/2021.3.11f1/Editor/Data/Managed'
Mono path[1] = 'C:/Program Files/Unity/Hub/Editor/2021.3.11f1/Editor/Data/MonoBleedingEdge/lib/mono/unityjit-win32'
Mono config path = 'C:/Program Files/Unity/Hub/Editor/2021.3.11f1/Editor/Data/MonoBleedingEdge/etc'
Using monoOptions --debugger-agent=transport=dt_socket,embedding=1,server=y,suspend=n,address=127.0.0.1:56248
Begin MonoManager ReloadAssembly
Registering precompiled unity dll's ...
Register platform support module: C:/Program Files/Unity/Hub/Editor/2021.3.11f1/Editor/Data/PlaybackEngines/WebGLSupport/UnityEditor.WebGL.Extensions.dll
Register platform support module: C:/Program Files/Unity/Hub/Editor/2021.3.11f1/Editor/Data/PlaybackEngines/AndroidPlayer/UnityEditor.Android.Extensions.dll
Register platform support module: C:/Program Files/Unity/Hub/Editor/2021.3.11f1/Editor/Data/PlaybackEngines/WindowsStandaloneSupport/UnityEditor.WindowsStandalone.Extensions.dll
Registered in 0.007150 seconds.
Native extension for WindowsStandalone target not found
Native extension for Android target not found
Native extension for WebGL target not found
Refreshing native plugins compatible for Editor in 126.18 ms, found 9 plugins.
Preloading 0 native plugins for Editor in 0.00 ms.
Mono: successfully reloaded assembly
- Completed reload, in  0.609 seconds
Domain Reload Profiling:
	ReloadAssembly (610ms)
		BeginReloadAssembly (58ms)
			ExecutionOrderSort (0ms)
			DisableScriptedObjects (0ms)
			BackupInstance (0ms)
			ReleaseScriptingObjects (0ms)
			CreateAndSetChildDomain (1ms)
		EndReloadAssembly (455ms)
			LoadAssemblies (57ms)
			RebuildTransferFunctionScriptingTraits (0ms)
			SetupTypeCache (96ms)
			ReleaseScriptCaches (0ms)
			RebuildScriptCaches (22ms)
			SetupLoadedEditorAssemblies (294ms)
				LogAssemblyErrors (0ms)
				InitializePlatformSupportModulesInManaged (51ms)
				SetLoadedEditorAssemblies (0ms)
				RefreshPlugins (126ms)
				BeforeProcessingInitializeOnLoad (1ms)
				ProcessInitializeOnLoadAttributes (79ms)
				ProcessInitializeOnLoadMethodAttributes (36ms)
				AfterProcessingInitializeOnLoad (0ms)
				EditorAssembliesLoaded (0ms)
			ExecutionOrderSort2 (0ms)
			AwakeInstancesAfterBackupRestoration (0ms)
Platform modules already initialized, skipping
Registering precompiled user dll's ...
Registered in 0.008338 seconds.
Begin MonoManager ReloadAssembly
Symbol file LoadedFromMemory doesn't match image D:\Unity Projects\Holoframe\Library\PackageCache\com.unity.visualscripting@1.7.8\Editor\VisualScripting.Core\Dependencies\DotNetZip\Unity.VisualScripting.IonicZip.dll
Symbol file LoadedFromMemory doesn't match image D:\Unity Projects\Holoframe\Library\PackageCache\com.unity.visualscripting@1.7.8\Editor\VisualScripting.Core\Dependencies\YamlDotNet\Unity.VisualScripting.YamlDotNet.dll
Native extension for WindowsStandalone target not found
Native extension for Android target not found
Native extension for WebGL target not found
Refreshing native plugins compatible for Editor in 128.11 ms, found 9 plugins.
Preloading 0 native plugins for Editor in 0.00 ms.
Package Manager log level set to [2]
Mono: successfully reloaded assembly
- Completed reload, in  1.444 seconds
Domain Reload Profiling:
	ReloadAssembly (1445ms)
		BeginReloadAssembly (205ms)
			ExecutionOrderSort (0ms)
			DisableScriptedObjects (5ms)
			BackupInstance (0ms)
			ReleaseScriptingObjects (0ms)
			CreateAndSetChildDomain (123ms)
		EndReloadAssembly (1139ms)
			LoadAssemblies (90ms)
			RebuildTransferFunctionScriptingTraits (0ms)
			SetupTypeCache (310ms)
			ReleaseScriptCaches (1ms)
			RebuildScriptCaches (80ms)
			SetupLoadedEditorAssemblies (623ms)
				LogAssemblyErrors (0ms)
				InitializePlatformSupportModulesInManaged (13ms)
				SetLoadedEditorAssemblies (0ms)
				RefreshPlugins (128ms)
				BeforeProcessingInitializeOnLoad (140ms)
				ProcessInitializeOnLoadAttributes (259ms)
				ProcessInitializeOnLoadMethodAttributes (76ms)
				AfterProcessingInitializeOnLoad (6ms)
				EditorAssembliesLoaded (0ms)
			ExecutionOrderSort2 (0ms)
			AwakeInstancesAfterBackupRestoration (5ms)
Platform modules already initialized, skipping
========================================================================
Worker process is ready to serve import requests
Launched and connected shader compiler UnityShaderCompiler.exe after 0.04 seconds
Refreshing native plugins compatible for Editor in 1.62 ms, found 9 plugins.
Preloading 0 native plugins for Editor in 0.00 ms.
Unloading 6909 Unused Serialized files (Serialized files now loaded: 0)
Unloading 61 unused Assets / (1.3 MB). Loaded Objects now: 7368.
Memory consumption went from 283.4 MB to 282.2 MB.
Total: 4.410500 ms (FindLiveObjects: 0.641500 ms CreateObjectMapping: 0.209000 ms MarkObjects: 3.111900 ms  DeleteObjects: 0.447100 ms)

AssetImportParameters requested are different than current active one (requested -> active):
  custom:video-decoder-ogg-theora: a1e56fd34408186e4bbccfd4996cb3dc -> 
  custom:container-muxer-webm: aa71ff27fc2769a1b78a27578f13a17b -> 
  custom:container-demuxer-webm: 4f35f7cbe854078d1ac9338744f61a02 -> 
  custom:video-encoder-webm-vp8: eb34c28f22e8b96e1ab97ce403110664 -> 
  custom:audio-encoder-webm-vorbis: bf7c407c2cedff20999df2af8eb42d56 -> 
  custom:framework-win-MediaFoundation: 216162199b28c13a410421893ffa2e32 -> 
  custom:container-demuxer-ogg: 62fdf1f143b41e24485cea50d1cbac27 -> 
  custom:video-decoder-webm-vp8: 9c59270c3fd7afecdb556c50c9e8de78 -> 
  custom:audio-decoder-ogg-vorbis: bf7c407c2cedff20999df2af8eb42d56 -> 
========================================================================
Received Import Request.
  Time since last request: 29080.631651 seconds.
  path: Assets/Assets/Images/Reference Images/ReferenceImageLibrary.asset
  artifactKey: Guid(07a2133565bfacb41b4b6b35d1da75b9) Importer(815301076,1909f56bfc062723c751e8b465ee728b)
Start importing Assets/Assets/Images/Reference Images/ReferenceImageLibrary.asset using Guid(07a2133565bfacb41b4b6b35d1da75b9) Importer(815301076,1909f56bfc062723c751e8b465ee728b)  -> (artifact id: 'e4fd50fa8fa6a476fc14204744a3d7bb') in 0.154445 seconds 
========================================================================
Received Import Request.
  Time since last request: 1.034297 seconds.
  path: Assets/Assets/Images/Reference Images/Materials
  artifactKey: Guid(09ab409afb06f5b4f87b1275d628eee5) Importer(815301076,1909f56bfc062723c751e8b465ee728b)
Start importing Assets/Assets/Images/Reference Images/Materials using Guid(09ab409afb06f5b4f87b1275d628eee5) Importer(815301076,1909f56bfc062723c751e8b465ee728b)  -> (artifact id: '2c766d8fe2e038d40cc909b8427136f4') in 0.040939 seconds 
========================================================================
Received Import Request.
  Time since last request: 0.030492 seconds.
  path: Assets/Assets/Images/Reference Images/Materials/Univers3.mat
  artifactKey: Guid(9b33002986a83714f9c983715e7c1cbe) Importer(815301076,1909f56bfc062723c751e8b465ee728b)
Start importing Assets/Assets/Images/Reference Images/Materials/Univers3.mat using Guid(9b33002986a83714f9c983715e7c1cbe) Importer(815301076,1909f56bfc062723c751e8b465ee728b)  -> (artifact id: '0b4aad9d8d7aabe9c0bde607aad3b461') in 0.328539 seconds 
========================================================================
Received Import Request.
  Time since last request: 4.198000 seconds.
  path: Assets/Assets/Images/Materials/Menu_Scene_Ground
  artifactKey: Guid(57a01a2b5e2f6c24e802ff838b419018) Importer(815301076,1909f56bfc062723c751e8b465ee728b)
Start importing Assets/Assets/Images/Materials/Menu_Scene_Ground using Guid(57a01a2b5e2f6c24e802ff838b419018) Importer(815301076,1909f56bfc062723c751e8b465ee728b)  -> (artifact id: 'f783c59c1be75da8aae83fe003e0861c') in 0.005248 seconds 
========================================================================
Received Import Request.
  Time since last request: 54.345253 seconds.
  path: Assets/Assets/Materials/New Material 1.mat
  artifactKey: Guid(2af943b7ef5b179489b467a6b364463b) Importer(815301076,1909f56bfc062723c751e8b465ee728b)
Start importing Assets/Assets/Materials/New Material 1.mat using Guid(2af943b7ef5b179489b467a6b364463b) Importer(815301076,1909f56bfc062723c751e8b465ee728b)  -> (artifact id: 'a47f931fca1dfc878bbb626c317d8058') in 0.034427 seconds 
========================================================================
Received Import Request.
  Time since last request: 258.418860 seconds.
  path: Assets/Assets/Images/Textures/Ground_diffuseOriginal.jpg
  artifactKey: Guid(c105a5bed33e7854dafaf891b04821c0) Importer(815301076,1909f56bfc062723c751e8b465ee728b)
Start importing Assets/Assets/Images/Textures/Ground_diffuseOriginal.jpg using Guid(c105a5bed33e7854dafaf891b04821c0) Importer(815301076,1909f56bfc062723c751e8b465ee728b)  -> (artifact id: '66ca29ea0677dc93ccf932ed0835a872') in 0.122594 seconds 
========================================================================
Received Import Request.
  Time since last request: 0.000028 seconds.
  path: Assets/Assets/Images/Textures/Ground_smoothness.jpg
  artifactKey: Guid(f05b4b622c1c79f4f97669fc675102a1) Importer(815301076,1909f56bfc062723c751e8b465ee728b)
Start importing Assets/Assets/Images/Textures/Ground_smoothness.jpg using Guid(f05b4b622c1c79f4f97669fc675102a1) Importer(815301076,1909f56bfc062723c751e8b465ee728b)  -> (artifact id: '5b16170ecd4b5b916df79927fbc6efb4') in 0.050462 seconds 
========================================================================
Received Import Request.
  Time since last request: 87.098213 seconds.
  path: Assets/Assets/Images/Textures/Ground_normal.jpg
  artifactKey: Guid(c6bc56f81997565469c6f6bbf91d3ae7) Importer(815301076,1909f56bfc062723c751e8b465ee728b)
Start importing Assets/Assets/Images/Textures/Ground_normal.jpg using Guid(c6bc56f81997565469c6f6bbf91d3ae7) Importer(815301076,1909f56bfc062723c751e8b465ee728b)  -> (artifact id: 'a276d042a6e3cceea98e745678489103') in 0.052002 seconds 
========================================================================
Received Import Request.
  Time since last request: 131.919596 seconds.
  path: Assets/Assets/Images/Textures/Ground
  artifactKey: Guid(78c07a96a97d2e74998f7506e1b0f4d8) Importer(815301076,1909f56bfc062723c751e8b465ee728b)
Start importing Assets/Assets/Images/Textures/Ground using Guid(78c07a96a97d2e74998f7506e1b0f4d8) Importer(815301076,1909f56bfc062723c751e8b465ee728b)  -> (artifact id: 'e8e2f33a9c02c9cb039189563e6a3a61') in 0.005076 seconds 
========================================================================
Received Import Request.
  Time since last request: 84.061228 seconds.
  path: Assets/Assets/Materials/New Material 1.mat
  artifactKey: Guid(2af943b7ef5b179489b467a6b364463b) Importer(815301076,1909f56bfc062723c751e8b465ee728b)
Start importing Assets/Assets/Materials/New Material 1.mat using Guid(2af943b7ef5b179489b467a6b364463b) Importer(815301076,1909f56bfc062723c751e8b465ee728b)  -> (artifact id: '08b05dc185eb8a8935708c69b818391a') in 0.679945 seconds 
